TN:
SF:src/carte.ts
FN:26,(anonymous_0)
FN:33,(anonymous_1)
FN:41,(anonymous_2)
FN:49,(anonymous_3)
FNF:4
FNH:4
FNDA:3,(anonymous_0)
FNDA:3,(anonymous_1)
FNDA:1,(anonymous_2)
FNDA:1,(anonymous_3)
DA:19,1
DA:26,3
DA:27,3
DA:34,3
DA:42,1
DA:50,1
LF:6
LH:6
BRF:0
BRH:0
end_of_record
TN:
SF:src/collection.ts
FN:28,(anonymous_0)
FN:39,(anonymous_1)
FN:48,(anonymous_2)
FN:51,(anonymous_3)
FN:78,(anonymous_4)
FN:80,(anonymous_5)
FN:93,(anonymous_6)
FN:96,(anonymous_7)
FN:99,(anonymous_8)
FN:112,(anonymous_9)
FN:120,(anonymous_10)
FN:128,(anonymous_11)
FN:136,(anonymous_12)
FN:144,(anonymous_13)
FN:152,(anonymous_14)
FN:160,(anonymous_15)
FN:168,(anonymous_16)
FN:176,(anonymous_17)
FN:184,(anonymous_18)
FNF:19
FNH:19
FNDA:1,(anonymous_0)
FNDA:10,(anonymous_1)
FNDA:5,(anonymous_2)
FNDA:11,(anonymous_3)
FNDA:1,(anonymous_4)
FNDA:3,(anonymous_5)
FNDA:1,(anonymous_6)
FNDA:1,(anonymous_7)
FNDA:3,(anonymous_8)
FNDA:1,(anonymous_9)
FNDA:1,(anonymous_10)
FNDA:1,(anonymous_11)
FNDA:1,(anonymous_12)
FNDA:2,(anonymous_13)
FNDA:2,(anonymous_14)
FNDA:2,(anonymous_15)
FNDA:2,(anonymous_16)
FNDA:2,(anonymous_17)
FNDA:2,(anonymous_18)
DA:2,1
DA:3,1
DA:5,1
DA:6,1
DA:7,1
DA:8,1
DA:18,1
DA:29,1
DA:30,1
DA:31,1
DA:32,1
DA:40,10
DA:49,5
DA:50,4
DA:51,4
DA:52,11
DA:55,4
DA:57,1
DA:58,1
DA:60,1
DA:61,1
DA:63,1
DA:64,1
DA:66,1
DA:67,1
DA:69,4
DA:79,1
DA:80,1
DA:81,3
DA:83,1
DA:84,1
DA:94,1
DA:95,1
DA:96,1
DA:97,1
DA:99,1
DA:100,3
DA:103,1
DA:105,1
DA:113,1
DA:121,1
DA:129,1
DA:137,1
DA:145,2
DA:153,2
DA:161,2
DA:169,2
DA:177,2
DA:185,2
LF:49
LH:49
BRDA:49,0,0,4
BRDA:49,0,1,1
BRDA:56,1,0,1
BRDA:56,1,1,1
BRDA:56,1,2,1
BRDA:56,1,3,1
BRF:6
BRH:6
end_of_record
TN:
SF:src/menu.ts
FN:33,(anonymous_0)
FN:47,(anonymous_1)
FN:51,(anonymous_2)
FN:55,(anonymous_3)
FN:68,(anonymous_4)
FN:70,(anonymous_5)
FN:80,(anonymous_6)
FN:87,(anonymous_7)
FN:100,(anonymous_8)
FN:110,(anonymous_9)
FN:112,(anonymous_10)
FN:113,(anonymous_11)
FN:127,(anonymous_12)
FN:130,(anonymous_13)
FN:145,(anonymous_14)
FN:153,(anonymous_15)
FN:161,(anonymous_16)
FN:169,(anonymous_17)
FN:177,(anonymous_18)
FN:180,(anonymous_19)
FNF:20
FNH:20
FNDA:7,(anonymous_0)
FNDA:8,(anonymous_1)
FNDA:25,(anonymous_2)
FNDA:25,(anonymous_3)
FNDA:6,(anonymous_4)
FNDA:22,(anonymous_5)
FNDA:6,(anonymous_6)
FNDA:22,(anonymous_7)
FNDA:1,(anonymous_8)
FNDA:1,(anonymous_9)
FNDA:3,(anonymous_10)
FNDA:3,(anonymous_11)
FNDA:1,(anonymous_12)
FNDA:4,(anonymous_13)
FNDA:3,(anonymous_14)
FNDA:1,(anonymous_15)
FNDA:3,(anonymous_16)
FNDA:1,(anonymous_17)
FNDA:1,(anonymous_18)
FNDA:4,(anonymous_19)
DA:24,1
DA:33,7
DA:34,7
DA:35,2
DA:37,5
DA:38,5
DA:48,8
DA:50,7
DA:51,7
DA:52,25
DA:55,7
DA:56,25
DA:59,7
DA:61,6
DA:69,6
DA:70,6
DA:71,22
DA:73,6
DA:81,6
DA:87,6
DA:88,22
DA:89,22
DA:90,22
DA:93,6
DA:101,1
DA:102,1
DA:103,1
DA:111,1
DA:112,1
DA:113,3
DA:114,3
DA:115,1
DA:116,1
DA:128,1
DA:129,1
DA:130,1
DA:131,4
DA:133,1
DA:138,1
DA:146,3
DA:154,1
DA:162,3
DA:170,1
DA:178,1
DA:180,1
DA:181,4
DA:184,1
LF:47
LH:47
BRDA:34,0,0,2
BRDA:34,0,1,5
BRDA:48,1,0,1
BRDA:48,1,1,7
BRDA:59,2,0,1
BRDA:59,2,1,6
BRDA:114,3,0,1
BRDA:114,3,1,2
BRF:8
BRH:8
end_of_record
TN:
SF:src/food/cereals.ts
FN:16,(anonymous_0)
FN:25,(anonymous_1)
FNF:2
FNH:2
FNDA:4,(anonymous_0)
FNDA:13,(anonymous_1)
DA:1,1
DA:7,1
DA:17,4
DA:18,4
DA:26,13
LF:5
LH:5
BRF:0
BRH:0
end_of_record
TN:
SF:src/food/dairy.ts
FN:16,(anonymous_0)
FN:25,(anonymous_1)
FNF:2
FNH:2
FNDA:8,(anonymous_0)
FNDA:12,(anonymous_1)
DA:1,1
DA:7,1
DA:17,8
DA:18,8
DA:26,12
LF:5
LH:5
BRF:0
BRH:0
end_of_record
TN:
SF:src/food/food.ts
FN:44,(anonymous_0)
FN:51,(anonymous_1)
FN:59,(anonymous_2)
FN:67,(anonymous_3)
FN:75,(anonymous_4)
FN:83,(anonymous_5)
FN:91,(anonymous_6)
FN:99,(anonymous_7)
FN:107,(anonymous_8)
FNF:9
FNH:9
FNDA:39,(anonymous_0)
FNDA:22,(anonymous_1)
FNDA:6,(anonymous_2)
FNDA:6,(anonymous_3)
FNDA:78,(anonymous_4)
FNDA:1,(anonymous_5)
FNDA:1,(anonymous_6)
FNDA:1,(anonymous_7)
FNDA:1,(anonymous_8)
DA:36,1
DA:44,39
DA:45,39
DA:52,22
DA:60,6
DA:68,6
DA:76,78
DA:84,1
DA:92,1
DA:100,1
DA:108,1
LF:11
LH:11
BRF:0
BRH:0
end_of_record
TN:
SF:src/food/fruits.ts
FN:16,(anonymous_0)
FN:25,(anonymous_1)
FNF:2
FNH:2
FNDA:10,(anonymous_0)
FNDA:16,(anonymous_1)
DA:1,1
DA:7,1
DA:17,10
DA:18,10
DA:26,16
LF:5
LH:5
BRF:0
BRH:0
end_of_record
TN:
SF:src/food/proteins.ts
FN:16,(anonymous_0)
FN:25,(anonymous_1)
FNF:2
FNH:2
FNDA:9,(anonymous_0)
FNDA:16,(anonymous_1)
DA:1,1
DA:7,1
DA:17,9
DA:18,9
DA:26,16
LF:5
LH:5
BRF:0
BRH:0
end_of_record
TN:
SF:src/food/vegetables.ts
FN:16,(anonymous_0)
FN:25,(anonymous_1)
FNF:2
FNH:2
FNDA:8,(anonymous_0)
FNDA:20,(anonymous_1)
DA:1,1
DA:7,1
DA:17,8
DA:18,8
DA:26,20
LF:5
LH:5
BRF:0
BRH:0
end_of_record
TN:
SF:src/plate/dessertPlate.ts
FN:14,(anonymous_0)
FN:22,(anonymous_1)
FNF:2
FNH:2
FNDA:6,(anonymous_0)
FNDA:6,(anonymous_1)
DA:1,1
DA:7,1
DA:14,6
DA:15,6
DA:23,6
LF:5
LH:5
BRF:0
BRH:0
end_of_record
TN:
SF:src/plate/firstPlate.ts
FN:14,(anonymous_0)
FN:22,(anonymous_1)
FNF:2
FNH:2
FNDA:7,(anonymous_0)
FNDA:8,(anonymous_1)
DA:1,1
DA:7,1
DA:14,7
DA:15,7
DA:23,8
LF:5
LH:5
BRF:0
BRH:0
end_of_record
TN:
SF:src/plate/plate.ts
FN:56,(anonymous_0)
FN:58,(anonymous_1)
FN:69,(anonymous_2)
FN:77,(anonymous_3)
FN:84,(anonymous_4)
FN:100,(anonymous_5)
FN:104,(anonymous_6)
FN:115,(anonymous_7)
FN:131,(anonymous_8)
FN:133,(anonymous_9)
FN:144,(anonymous_10)
FN:155,(anonymous_11)
FN:166,(anonymous_12)
FN:174,(anonymous_13)
FN:182,(anonymous_14)
FN:190,(anonymous_15)
FN:198,(anonymous_16)
FN:206,(anonymous_17)
FN:214,(anonymous_18)
FN:218,(anonymous_19)
FNF:20
FNH:20
FNDA:25,(anonymous_0)
FNDA:68,(anonymous_1)
FNDA:68,(anonymous_2)
FNDA:27,(anonymous_3)
FNDA:72,(anonymous_4)
FNDA:27,(anonymous_5)
FNDA:72,(anonymous_6)
FNDA:55,(anonymous_7)
FNDA:27,(anonymous_8)
FNDA:72,(anonymous_9)
FNDA:1,(anonymous_10)
FNDA:1,(anonymous_11)
FNDA:20,(anonymous_12)
FNDA:1,(anonymous_13)
FNDA:6,(anonymous_14)
FNDA:26,(anonymous_15)
FNDA:70,(anonymous_16)
FNDA:11,(anonymous_17)
FNDA:2,(anonymous_18)
FNDA:6,(anonymous_19)
DA:45,1
DA:56,25
DA:57,25
DA:58,68
DA:59,25
DA:60,25
DA:61,25
DA:70,68
DA:78,27
DA:84,27
DA:85,72
DA:86,72
DA:87,72
DA:90,27
DA:101,27
DA:104,27
DA:105,72
DA:106,72
DA:107,17
DA:109,55
DA:113,27
DA:114,27
DA:115,27
DA:116,55
DA:117,1
DA:118,1
DA:122,27
DA:132,27
DA:133,27
DA:134,72
DA:136,27
DA:145,1
DA:146,1
DA:147,1
DA:148,1
DA:156,1
DA:157,1
DA:158,1
DA:159,1
DA:167,20
DA:175,1
DA:183,6
DA:191,26
DA:199,70
DA:207,11
DA:215,2
DA:216,2
DA:217,2
DA:218,2
DA:219,6
DA:221,2
DA:225,2
DA:227,2
LF:53
LH:53
BRDA:106,0,0,17
BRDA:106,0,1,55
BRDA:116,1,0,1
BRDA:116,1,1,54
BRF:4
BRH:4
end_of_record
TN:
SF:src/plate/secondPlate.ts
FN:14,(anonymous_0)
FN:22,(anonymous_1)
FNF:2
FNH:2
FNDA:5,(anonymous_0)
FNDA:8,(anonymous_1)
DA:1,1
DA:7,1
DA:14,5
DA:15,5
DA:23,8
LF:5
LH:5
BRF:0
BRH:0
end_of_record
TN:
SF:src/plate/starterPlate.ts
FN:14,(anonymous_0)
FN:22,(anonymous_1)
FNF:2
FNH:2
FNDA:7,(anonymous_0)
FNDA:7,(anonymous_1)
DA:1,1
DA:7,1
DA:14,7
DA:15,7
DA:23,7
LF:5
LH:5
BRF:0
BRH:0
end_of_record
